 
 -------------- celery@SamHome v5.5.1 (immunity)
--- ***** ----- 
-- ******* ---- Linux-6.8.0-58-generic-x86_64-with-glibc2.35 2025-05-10 17:18:12
- *** --- * --- 
- ** ---------- [config]
- ** ---------- .> app:         worker:0x766b5e8b1490
- ** ---------- .> transport:   redis://:**@127.0.0.1:6380/0
- ** ---------- .> results:     redis://:**@127.0.0.1:6380/1
- *** --- * --- .> concurrency: 1 (prefork)
-- ******* ---- .> task events: OFF (enable -E to monitor tasks in this worker)
--- ***** ----- 
 -------------- [queues]
                .> celery           exchange=celery(direct) key=celery
                

[tasks]
  . inference_task
  . train_stage1
  . train_stage2

[2025-05-10 17:18:12,756: ERROR/MainProcess] consumer: Cannot connect to redis://:**@127.0.0.1:6380/0: Error 111 connecting to 127.0.0.1:6380. Connection refused..
Trying again in 2.00 seconds... (1/100)

[2025-05-10 17:18:14,758: ERROR/MainProcess] consumer: Cannot connect to redis://:**@127.0.0.1:6380/0: Error 111 connecting to 127.0.0.1:6380. Connection refused..
Trying again in 4.00 seconds... (2/100)

[2025-05-10 17:18:18,761: ERROR/MainProcess] consumer: Cannot connect to redis://:**@127.0.0.1:6380/0: Error 111 connecting to 127.0.0.1:6380. Connection refused..
Trying again in 6.00 seconds... (3/100)

[2025-05-10 17:18:24,764: ERROR/MainProcess] consumer: Cannot connect to redis://:**@127.0.0.1:6380/0: Error 111 connecting to 127.0.0.1:6380. Connection refused..
Trying again in 8.00 seconds... (4/100)

[2025-05-10 17:18:32,767: ERROR/MainProcess] consumer: Cannot connect to redis://:**@127.0.0.1:6380/0: Error 111 connecting to 127.0.0.1:6380. Connection refused..
Trying again in 10.00 seconds... (5/100)

[2025-05-10 17:18:42,771: ERROR/MainProcess] consumer: Cannot connect to redis://:**@127.0.0.1:6380/0: Error 111 connecting to 127.0.0.1:6380. Connection refused..
Trying again in 12.00 seconds... (6/100)

[2025-05-10 17:18:54,776: ERROR/MainProcess] consumer: Cannot connect to redis://:**@127.0.0.1:6380/0: Error 111 connecting to 127.0.0.1:6380. Connection refused..
Trying again in 14.00 seconds... (7/100)


worker: Warm shutdown (MainProcess)
 
 -------------- celery@SamHome v5.5.1 (immunity)
--- ***** ----- 
-- ******* ---- Linux-6.8.0-58-generic-x86_64-with-glibc2.35 2025-05-10 17:20:31
- *** --- * --- 
- ** ---------- [config]
- ** ---------- .> app:         worker:0x74fdd34b1490
- ** ---------- .> transport:   redis://:**@127.0.0.1:6380/0
- ** ---------- .> results:     redis://:**@127.0.0.1:6380/1
- *** --- * --- .> concurrency: 1 (prefork)
-- ******* ---- .> task events: OFF (enable -E to monitor tasks in this worker)
--- ***** ----- 
 -------------- [queues]
                .> celery           exchange=celery(direct) key=celery
                

[tasks]
  . inference_task
  . train_stage1
  . train_stage2

[2025-05-10 17:20:31,380: INFO/MainProcess] Connected to redis://:**@127.0.0.1:6380/0
[2025-05-10 17:20:31,382: INFO/MainProcess] mingle: searching for neighbors
[2025-05-10 17:20:32,393: INFO/MainProcess] mingle: all alone
[2025-05-10 17:20:32,438: INFO/MainProcess] celery@SamHome ready.
INFO:     Will watch for changes in these directories: ['/home/drz/mycode/bot']
INFO:     Uvicorn running on http://0.0.0.0:5000 (Press CTRL+C to quit)
INFO:     Started reloader process [13772] using StatReload
INFO:     Started server process [13931]
INFO:     Waiting for application startup.
INFO:     Application startup complete.
WARNING:  StatReload detected changes in 'src/bot/text/english.py'. Reloading...
INFO:     Shutting down
INFO:     Waiting for application shutdown.
INFO:     Application shutdown complete.
INFO:     Finished server process [13931]
INFO:     Started server process [19403]
INFO:     Waiting for application startup.
INFO:     Application startup complete.
WARNING:  StatReload detected changes in 'src/bot/text/english.py'. Reloading...
INFO:     Shutting down
INFO:     Waiting for application shutdown.
INFO:     Application shutdown complete.
INFO:     Finished server process [19403]
INFO:     Started server process [32709]
INFO:     Waiting for application startup.
INFO:     Application startup complete.
WARNING:  StatReload detected changes in 'src/bot/text/english.py'. Reloading...
INFO:     Shutting down
INFO:     Waiting for application shutdown.
INFO:     Application shutdown complete.
INFO:     Finished server process [32709]
INFO:     Started server process [33115]
INFO:     Waiting for application startup.
INFO:     Application startup complete.
WARNING:  StatReload detected changes in 'src/bot/text/normalizer.py'. Reloading...
INFO:     Shutting down
INFO:     Waiting for application shutdown.
INFO:     Application shutdown complete.
INFO:     Finished server process [33115]
INFO:     Started server process [39080]
INFO:     Waiting for application startup.
INFO:     Application startup complete.
WARNING:  StatReload detected changes in 'src/bot/text/english.py'. Reloading...
INFO:     Shutting down
INFO:     Waiting for application shutdown.
INFO:     Application shutdown complete.
INFO:     Finished server process [39080]
INFO:     Started server process [40835]
INFO:     Waiting for application startup.
INFO:     Application startup complete.
WARNING:  StatReload detected changes in 'src/bot/text/ja_userdic/generate.py'. Reloading...
INFO:     Shutting down
INFO:     Waiting for application shutdown.
INFO:     Application shutdown complete.
INFO:     Finished server process [40835]
INFO:     Started server process [50131]
INFO:     Waiting for application startup.
INFO:     Application startup complete.
WARNING:  StatReload detected changes in 'src/bot/text/ja_userdic/generate.py'. Reloading...
INFO:     Shutting down
INFO:     Waiting for application shutdown.
INFO:     Application shutdown complete.
INFO:     Finished server process [50131]
INFO:     Started server process [50558]
INFO:     Waiting for application startup.
INFO:     Application startup complete.
WARNING:  StatReload detected changes in 'src/bot/text/ja_userdic/generate.py'. Reloading...
INFO:     Shutting down
INFO:     Waiting for application shutdown.
INFO:     Application shutdown complete.
INFO:     Finished server process [50558]
INFO:     Started server process [57564]
INFO:     Waiting for application startup.
INFO:     Application startup complete.
WARNING:  StatReload detected changes in 'src/bot/text/japanese.py'. Reloading...
INFO:     Shutting down
INFO:     Waiting for application shutdown.
INFO:     Application shutdown complete.
INFO:     Finished server process [57564]
INFO:     Started server process [87771]
INFO:     Waiting for application startup.
INFO:     Application startup complete.
WARNING:  StatReload detected changes in 'src/bot/text/japanese.py'. Reloading...
INFO:     Shutting down
INFO:     Waiting for application shutdown.
INFO:     Application shutdown complete.
INFO:     Finished server process [87771]
INFO:     Started server process [88936]
INFO:     Waiting for application startup.
INFO:     Application startup complete.
WARNING:  StatReload detected changes in 'src/bot/text/japanese.py'. Reloading...
INFO:     Shutting down
INFO:     Waiting for application shutdown.
INFO:     Application shutdown complete.
INFO:     Finished server process [88936]
INFO:     Started server process [96843]
INFO:     Waiting for application startup.
INFO:     Application startup complete.
WARNING:  StatReload detected changes in 'src/bot/text/japanese.py'. Reloading...
INFO:     Shutting down
INFO:     Waiting for application shutdown.
INFO:     Application shutdown complete.
INFO:     Finished server process [96843]
INFO:     Started server process [97757]
INFO:     Waiting for application startup.
INFO:     Application startup complete.
WARNING:  StatReload detected changes in 'src/bot/text/japanese.py'. Reloading...
INFO:     Shutting down
INFO:     Waiting for application shutdown.
INFO:     Application shutdown complete.
INFO:     Finished server process [97757]
INFO:     Started server process [99610]
INFO:     Waiting for application startup.
INFO:     Application startup complete.
